This is pdfTeX, Version 3.14159265-2.6-1.40.18 (TeX Live 2017/Debian) (preloaded format=pdflatex 2018.10.12)  3 DEC 2018 09:37
entering extended mode
 restricted \write18 enabled.
 %&-line parsing enabled.
**char-rnn-knowledge-main1.tex
(./char-rnn-knowledge-main1.tex
LaTeX2e <2017-04-15>
Babel <3.18> and hyphenation patterns for 84 language(s) loaded.
(/usr/share/texlive/texmf-dist/tex/latex/base/article.cls
Document Class: article 2014/09/29 v1.4h Standard LaTeX document class
(/usr/share/texlive/texmf-dist/tex/latex/base/size11.clo
File: size11.clo 2014/09/29 v1.4h Standard LaTeX file (size option)
)
\c@part=\count79
\c@section=\count80
\c@subsection=\count81
\c@subsubsection=\count82
\c@paragraph=\count83
\c@subparagraph=\count84
\c@figure=\count85
\c@table=\count86
\abovecaptionskip=\skip41
\belowcaptionskip=\skip42
\bibindent=\dimen102
) (./tacl2018v2.sty
Package: tacl2018v2 2018/09/20 TACL formatting

(/usr/share/texlive/texmf-dist/tex/latex/setspace/setspace.sty
Package: setspace 2011/12/19 v6.7a set line spacing
)
(/usr/share/texlive/texmf-dist/tex/latex/hyperref/hyperref.sty
Package: hyperref 2018/02/06 v6.86b Hypertext links for LaTeX

(/usr/share/texlive/texmf-dist/tex/generic/oberdiek/hobsub-hyperref.sty
Package: hobsub-hyperref 2016/05/16 v1.14 Bundle oberdiek, subset hyperref (HO)


(/usr/share/texlive/texmf-dist/tex/generic/oberdiek/hobsub-generic.sty
Package: hobsub-generic 2016/05/16 v1.14 Bundle oberdiek, subset generic (HO)
Package: hobsub 2016/05/16 v1.14 Construct package bundles (HO)
Package: infwarerr 2016/05/16 v1.4 Providing info/warning/error messages (HO)
Package: ltxcmds 2016/05/16 v1.23 LaTeX kernel commands for general use (HO)
Package: ifluatex 2016/05/16 v1.4 Provides the ifluatex switch (HO)
Package ifluatex Info: LuaTeX not detected.
Package: ifvtex 2016/05/16 v1.6 Detect VTeX and its facilities (HO)
Package ifvtex Info: VTeX not detected.
Package: intcalc 2016/05/16 v1.2 Expandable calculations with integers (HO)
Package: ifpdf 2017/03/15 v3.2 Provides the ifpdf switch
Package: etexcmds 2016/05/16 v1.6 Avoid name clashes with e-TeX commands (HO)
Package etexcmds Info: Could not find \expanded.
(etexcmds)             That can mean that you are not using pdfTeX 1.50 or
(etexcmds)             that some package has redefined \expanded.
(etexcmds)             In the latter case, load this package earlier.
Package: kvsetkeys 2016/05/16 v1.17 Key value parser (HO)
Package: kvdefinekeys 2016/05/16 v1.4 Define keys (HO)
Package: pdftexcmds 2018/01/21 v0.26 Utility functions of pdfTeX for LuaTeX (HO
)
Package pdftexcmds Info: LuaTeX not detected.
Package pdftexcmds Info: \pdf@primitive is available.
Package pdftexcmds Info: \pdf@ifprimitive is available.
Package pdftexcmds Info: \pdfdraftmode found.
Package: pdfescape 2016/05/16 v1.14 Implements pdfTeX's escape features (HO)
Package: bigintcalc 2016/05/16 v1.4 Expandable calculations on big integers (HO
)
Package: bitset 2016/05/16 v1.2 Handle bit-vector datatype (HO)
Package: uniquecounter 2016/05/16 v1.3 Provide unlimited unique counter (HO)
)
Package hobsub Info: Skipping package `hobsub' (already loaded).
Package: letltxmacro 2016/05/16 v1.5 Let assignment for LaTeX macros (HO)
Package: hopatch 2016/05/16 v1.3 Wrapper for package hooks (HO)
Package: xcolor-patch 2016/05/16 xcolor patch
Package: atveryend 2016/05/16 v1.9 Hooks at the very end of document (HO)
Package atveryend Info: \enddocument detected (standard20110627).
Package: atbegshi 2016/06/09 v1.18 At begin shipout hook (HO)
Package: refcount 2016/05/16 v3.5 Data extraction from label references (HO)
Package: hycolor 2016/05/16 v1.8 Color options for hyperref/bookmark (HO)
)
(/usr/share/texlive/texmf-dist/tex/latex/graphics/keyval.sty
Package: keyval 2014/10/28 v1.15 key=value parser (DPC)
\KV@toks@=\toks14
)
(/usr/share/texlive/texmf-dist/tex/generic/ifxetex/ifxetex.sty
Package: ifxetex 2010/09/12 v0.6 Provides ifxetex conditional
)
(/usr/share/texlive/texmf-dist/tex/latex/oberdiek/auxhook.sty
Package: auxhook 2016/05/16 v1.4 Hooks for auxiliary files (HO)
)
(/usr/share/texlive/texmf-dist/tex/latex/oberdiek/kvoptions.sty
Package: kvoptions 2016/05/16 v3.12 Key value format for package options (HO)
)
\@linkdim=\dimen103
\Hy@linkcounter=\count87
\Hy@pagecounter=\count88

(/usr/share/texlive/texmf-dist/tex/latex/hyperref/pd1enc.def
File: pd1enc.def 2018/02/06 v6.86b Hyperref: PDFDocEncoding definition (HO)
)
\Hy@SavedSpaceFactor=\count89

(/usr/share/texlive/texmf-dist/tex/latex/latexconfig/hyperref.cfg
File: hyperref.cfg 2002/06/06 v1.2 hyperref configuration of TeXLive
)
Package hyperref Info: Hyper figures OFF on input line 4509.
Package hyperref Info: Link nesting OFF on input line 4514.
Package hyperref Info: Hyper index ON on input line 4517.
Package hyperref Info: Plain pages OFF on input line 4524.
Package hyperref Info: Backreferencing OFF on input line 4529.
Package hyperref Info: Implicit mode ON; LaTeX internals redefined.
Package hyperref Info: Bookmarks ON on input line 4762.
\c@Hy@tempcnt=\count90

(/usr/share/texlive/texmf-dist/tex/latex/url/url.sty
\Urlmuskip=\muskip10
Package: url 2013/09/16  ver 3.4  Verb mode for urls, etc.
)
LaTeX Info: Redefining \url on input line 5115.
\XeTeXLinkMargin=\dimen104
\Fld@menulength=\count91
\Field@Width=\dimen105
\Fld@charsize=\dimen106
Package hyperref Info: Hyper figures OFF on input line 6369.
Package hyperref Info: Link nesting OFF on input line 6374.
Package hyperref Info: Hyper index ON on input line 6377.
Package hyperref Info: backreferencing OFF on input line 6384.
Package hyperref Info: Link coloring OFF on input line 6389.
Package hyperref Info: Link coloring with OCG OFF on input line 6394.
Package hyperref Info: PDF/A mode OFF on input line 6399.
LaTeX Info: Redefining \ref on input line 6439.
LaTeX Info: Redefining \pageref on input line 6443.
\Hy@abspage=\count92
\c@Item=\count93
\c@Hfootnote=\count94
)
Package hyperref Info: Driver (autodetected): hpdftex.

(/usr/share/texlive/texmf-dist/tex/latex/hyperref/hpdftex.def
File: hpdftex.def 2018/02/06 v6.86b Hyperref driver for pdfTeX
\Fld@listcount=\count95
\c@bookmark@seq@number=\count96

(/usr/share/texlive/texmf-dist/tex/latex/oberdiek/rerunfilecheck.sty
Package: rerunfilecheck 2016/05/16 v1.8 Rerun checks for auxiliary files (HO)
Package uniquecounter Info: New unique counter `rerunfilecheck' on input line 2
82.
)
\Hy@SectionHShift=\skip43
)
(/usr/share/texlive/texmf-dist/tex/latex/xcolor/xcolor.sty
Package: xcolor 2016/05/11 v2.12 LaTeX color extensions (UK)

(/usr/share/texlive/texmf-dist/tex/latex/graphics-cfg/color.cfg
File: color.cfg 2016/01/02 v1.6 sample color configuration
)
Package xcolor Info: Driver file: pdftex.def on input line 225.

(/usr/share/texlive/texmf-dist/tex/latex/graphics-def/pdftex.def
File: pdftex.def 2018/01/08 v1.0l Graphics/color driver for pdftex
)
Package xcolor Info: Model `cmy' substituted by `cmy0' on input line 1348.
Package xcolor Info: Model `hsb' substituted by `rgb' on input line 1352.
Package xcolor Info: Model `RGB' extended on input line 1364.
Package xcolor Info: Model `HTML' substituted by `rgb' on input line 1366.
Package xcolor Info: Model `Hsb' substituted by `hsb' on input line 1367.
Package xcolor Info: Model `tHsb' substituted by `hsb' on input line 1368.
Package xcolor Info: Model `HSB' substituted by `hsb' on input line 1369.
Package xcolor Info: Model `Gray' substituted by `gray' on input line 1370.
Package xcolor Info: Model `wave' substituted by `hsb' on input line 1371.
)
Package hyperref Info: Option `colorlinks' set `true' on input line 112.
\titlebox=\skip44
\aclrulerbox=\box26
\aclrulercount=\count97
\aclruleroffset=\dimen107
\cv@lineheight=\dimen108
\cv@boxheight=\dimen109
\cv@tmpbox=\box27
\cv@refno=\count98
\cv@tot=\count99
\cv@tmpc@=\count100
\cv@tmpc=\count101

(/usr/share/texlive/texmf-dist/tex/latex/natbib/natbib.sty
Package: natbib 2010/09/13 8.31b (PWD, AO)
\bibhang=\skip45
\bibsep=\skip46
LaTeX Info: Redefining \cite on input line 694.
\c@NAT@ctr=\count102
))
(/usr/share/texlive/texmf-dist/tex/latex/psnfss/times.sty
Package: times 2005/04/12 PSNFSS-v9.2a (SPQR) 
)
(/usr/share/texlive/texmf-dist/tex/latex/base/latexsym.sty
Package: latexsym 1998/08/17 v2.2e Standard LaTeX package (lasy symbols)
\symlasy=\mathgroup4
LaTeX Font Info:    Overwriting symbol font `lasy' in version `bold'
(Font)                  U/lasy/m/n --> U/lasy/b/n on input line 52.
)
(/usr/share/texlive/texmf-dist/tex/latex/base/fontenc.sty
Package: fontenc 2017/04/05 v2.0i Standard LaTeX package

(/usr/share/texlive/texmf-dist/tex/latex/base/t1enc.def
File: t1enc.def 2017/04/05 v2.0i Standard LaTeX file
LaTeX Font Info:    Redeclaring font encoding T1 on input line 48.
))
(/usr/share/texlive/texmf-dist/tex/latex/tools/xspace.sty
Package: xspace 2014/10/28 v1.13 Space after command names (DPC,MH)
)
(/usr/share/texlive/texmf-dist/tex/latex/mfirstuc/mfirstuc.sty
Package: mfirstuc 2017/11/14 v2.06 (NLCT)

(/usr/share/texlive/texmf-dist/tex/latex/etoolbox/etoolbox.sty
Package: etoolbox 2018/02/11 v2.5e e-TeX tools for LaTeX (JAW)
\etb@tempcnta=\count103
)
\@glsmfirst=\toks15
\@glsmrest=\toks16
)
(/usr/share/texlive/texmf-dist/tex/latex/tabulary/tabulary.sty
Package: tabulary 2014/06/11 v0.10 tabulary package (DPC)

(/usr/share/texlive/texmf-dist/tex/latex/tools/array.sty
Package: array 2016/10/06 v2.4d Tabular extension package (FMi)
\col@sep=\dimen110
\extrarowheight=\dimen111
\NC@list=\toks17
\extratabsurround=\skip47
\backup@length=\skip48
)
\TY@count=\count104
\TY@linewidth=\dimen112
\tymin=\dimen113
\tymax=\dimen114
\TY@tablewidth=\dimen115
)
(/usr/share/texlive/texmf-dist/tex/latex/paralist/paralist.sty
Package: paralist 2017/01/22 v2.7 Extended list environments
\pltopsep=\skip49
\plpartopsep=\skip50
\plitemsep=\skip51
\plparsep=\skip52
\pl@lab=\toks18
)
(/usr/share/texlive/texmf-dist/tex/latex/graphics/graphicx.sty
Package: graphicx 2017/06/01 v1.1a Enhanced LaTeX Graphics (DPC,SPQR)

(/usr/share/texlive/texmf-dist/tex/latex/graphics/graphics.sty
Package: graphics 2017/06/25 v1.2c Standard LaTeX Graphics (DPC,SPQR)

(/usr/share/texlive/texmf-dist/tex/latex/graphics/trig.sty
Package: trig 2016/01/03 v1.10 sin cos tan (DPC)
)
(/usr/share/texlive/texmf-dist/tex/latex/graphics-cfg/graphics.cfg
File: graphics.cfg 2016/06/04 v1.11 sample graphics configuration
)
Package graphics Info: Driver file: pdftex.def on input line 99.
)
\Gin@req@height=\dimen116
\Gin@req@width=\dimen117
)
(/usr/share/texlive/texmf-dist/tex/latex/multirow/multirow.sty
Package: multirow 2016/11/25 v2.2 Span multiple rows of a table
\multirow@colwidth=\skip53
\multirow@cntb=\count105
\multirow@dima=\skip54
\bigstrutjot=\dimen118
)
(/usr/share/texlive/texmf-dist/tex/latex/enumitem/enumitem.sty
Package: enumitem 2011/09/28 v3.5.2 Customized lists
\labelindent=\skip55
\enit@outerparindent=\dimen119
\enit@toks=\toks19
\enit@inbox=\box28
\enitdp@description=\count106
)
(/usr/share/texlive/texmf-dist/tex/latex/linguex/linguex.sty
Package: linguex 2013/05/28 Example formatting for linguistics v. 4.3

(/usr/share/texlive/texmf-dist/tex/latex/gb4e/cgloss4e.sty
\lineone=\box29
\linetwo=\box30
\linethree=\box31
\wordone=\box32
\wordtwo=\box33
\wordthree=\box34
\gline=\box35
\glossglue=\skip56
)
\c@ExNo=\count107
\c@SubExNo=\count108
\c@SubSubExNo=\count109
\c@FnExNo=\count110
\c@ABC=\count111
\currentlabel=\skip57
\lessthanten=\skip58
\lessthanhundred=\skip59
\lessthanthousand=\skip60
\@Exleftmargin=\skip61
\Exlabelwidth=\skip62
\Extopsep=\skip63
\Exindent=\skip64
\SubExleftmargin=\skip65
\SubSubExleftmargin=\skip66
\Exlabelsep=\skip67
\alignSubExnegindent=\skip68
\Exredux=\skip69
\digitwidth=\skip70
\mindigitwidth=\skip71
\c@ExDepth=\count112
\c@TempExDepth=\count113
\CollectTokens=\toks20
LaTeX Info: Redefining \b on input line 307.
LaTeX Info: Redefining \c on input line 311.
LaTeX Info: Redefining \d on input line 313.
\c@tmpaEx=\count114
)
No file char-rnn-knowledge-main1.aux.
\openout1 = `char-rnn-knowledge-main1.aux'.

LaTeX Font Info:    Checking defaults for OML/cmm/m/it on input line 86.
LaTeX Font Info:    ... okay on input line 86.
LaTeX Font Info:    Checking defaults for T1/cmr/m/n on input line 86.
LaTeX Font Info:    ... okay on input line 86.
LaTeX Font Info:    Checking defaults for OT1/cmr/m/n on input line 86.
LaTeX Font Info:    ... okay on input line 86.
LaTeX Font Info:    Checking defaults for OMS/cmsy/m/n on input line 86.
LaTeX Font Info:    ... okay on input line 86.
LaTeX Font Info:    Checking defaults for OMX/cmex/m/n on input line 86.
LaTeX Font Info:    ... okay on input line 86.
LaTeX Font Info:    Checking defaults for U/cmr/m/n on input line 86.
LaTeX Font Info:    ... okay on input line 86.
LaTeX Font Info:    Checking defaults for PD1/pdf/m/n on input line 86.
LaTeX Font Info:    ... okay on input line 86.
LaTeX Font Info:    Try loading font information for T1+ptm on input line 86.
(/usr/share/texlive/texmf-dist/tex/latex/psnfss/t1ptm.fd
File: t1ptm.fd 2001/06/04 font definitions for T1/ptm.
)
\AtBeginShipoutBox=\box36
Package hyperref Info: Link coloring ON on input line 86.

(/usr/share/texlive/texmf-dist/tex/latex/hyperref/nameref.sty
Package: nameref 2016/05/21 v2.44 Cross-referencing by name of section

(/usr/share/texlive/texmf-dist/tex/generic/oberdiek/gettitlestring.sty
Package: gettitlestring 2016/05/16 v1.5 Cleanup title references (HO)
)
\c@section@level=\count115
)
LaTeX Info: Redefining \ref on input line 86.
LaTeX Info: Redefining \pageref on input line 86.
LaTeX Info: Redefining \nameref on input line 86.
\@outlinefile=\write3
\openout3 = `char-rnn-knowledge-main1.out'.


(/usr/share/texlive/texmf-dist/tex/context/base/mkii/supp-pdf.mkii
[Loading MPS to PDF converter (version 2006.09.02).]
\scratchcounter=\count116
\scratchdimen=\dimen120
\scratchbox=\box37
\nofMPsegments=\count117
\nofMParguments=\count118
\everyMPshowfont=\toks21
\MPscratchCnt=\count119
\MPscratchDim=\dimen121
\MPnumerator=\count120
\makeMPintoPDFobject=\count121
\everyMPtoPDFconversion=\toks22
) (/usr/share/texlive/texmf-dist/tex/latex/oberdiek/epstopdf-base.sty
Package: epstopdf-base 2016/05/15 v2.6 Base part for package epstopdf

(/usr/share/texlive/texmf-dist/tex/latex/oberdiek/grfext.sty
Package: grfext 2016/05/16 v1.2 Manage graphics extensions (HO)
)
Package epstopdf-base Info: Redefining graphics rule for `.eps' on input line 4
38.
Package grfext Info: Graphics extension search list:
(grfext)             [.pdf,.png,.jpg,.mps,.jpeg,.jbig2,.jb2,.PDF,.PNG,.JPG,.JPE
G,.JBIG2,.JB2,.eps]
(grfext)             \AppendGraphicsExtensions on input line 456.

(/usr/share/texlive/texmf-dist/tex/latex/latexconfig/epstopdf-sys.cfg
File: epstopdf-sys.cfg 2010/07/13 v1.3 Configuration of (r)epstopdf for TeX Liv
e
))
ABD: EveryShipout initializing macros
LaTeX Font Info:    Font shape `T1/ptm/bx/n' in size <14.4> not available
(Font)              Font shape `T1/ptm/b/n' tried instead on input line 87.
LaTeX Font Info:    Font shape `T1/ptm/bx/it' in size <14.4> not available
(Font)              Font shape `T1/ptm/b/it' tried instead on input line 87.
LaTeX Font Info:    External font `cmex10' loaded for size
(Font)              <12> on input line 87.
LaTeX Font Info:    External font `cmex10' loaded for size
(Font)              <8> on input line 87.
LaTeX Font Info:    External font `cmex10' loaded for size
(Font)              <6> on input line 87.
LaTeX Font Info:    Try loading font information for U+lasy on input line 87.

(/usr/share/texlive/texmf-dist/tex/latex/base/ulasy.fd
File: ulasy.fd 1998/08/17 v2.2e LaTeX symbol font definitions
)
LaTeX Font Info:    Font shape `T1/ptm/bx/n' in size <12> not available
(Font)              Font shape `T1/ptm/b/n' tried instead on input line 87.
 (./introduction.tex
LaTeX Font Info:    Font shape `T1/ptm/bx/n' in size <10.95> not available
(Font)              Font shape `T1/ptm/b/n' tried instead on input line 4.


Package natbib Warning: Citation `Elman:1990' on page 1 undefined on input line
 4.


Package natbib Warning: Citation `Hochreiter:Schmidhuber:1997' on page 1 undefi
ned on input line 6.


Package natbib Warning: Citation `Goldberg:2017' on page 1 undefined on input l
ine 12.


Package natbib Warning: Citation `Bar:2007' on page 1 undefined on input line 1
7.


Package natbib Warning: Citation `Clark:2016' on page 1 undefined on input line
 17.


Package natbib Warning: Citation `Frank:etal:2013' on page 1 undefined on input
 line 21.


Package natbib Warning: Citation `Lau:etal:2017' on page 1 undefined on input l
ine 21.


Package natbib Warning: Citation `Kirov:Cotterell:2018' on page 1 undefined on 
input line 21.


Package natbib Warning: Citation `McCoy:etal:2018' on page 1 undefined on input
 line 21.


Package natbib Warning: Citation `Pater:2018' on page 1 undefined on input line
 21.


Package natbib Warning: Citation `Bickel:Zuniga:2017' on page 1 undefined on in
put line 34.


Package natbib Warning: Citation `Goldberg:2005' on page 1 undefined on input l
ine 37.


Package natbib Warning: Citation `Mikolov:etal:2011' on page 1 undefined on inp
ut line 42.


Package natbib Warning: Citation `Sutskever:etal:2011' on page 1 undefined on i
nput line 42.


Package natbib Warning: Citation `DBLP:journals/corr/Graves13' on page 1 undefi
ned on input line 42.

LaTeX Font Info:    External font `cmex10' loaded for size
(Font)              <10.95> on input line 45.
LaTeX Font Info:    External font `cmex10' loaded for size
(Font)              <9> on input line 47.
LaTeX Font Info:    External font `cmex10' loaded for size
(Font)              <5> on input line 47.

Package natbib Warning: Citation `Maye:etal:2002' on page 1 undefined on input 
line 54.


Package natbib Warning: Citation `Kuhl:2004' on page 1 undefined on input line 
54.


Underfull \hbox (badness 1502) in paragraph at lines 39--55
\T1/ptm/m/n/10.95 here an ex-ten-sive study of RNNs trained on
 []


Underfull \hbox (badness 1946) in paragraph at lines 39--55
\T1/ptm/m/n/10.95 lan-guage mod-el-ing at the char-ac-ter level, or
 []

[1{/var/lib/texmf/fonts/map/pdftex/updmap/pdftex.map}



]) (./related.tex

Package natbib Warning: Citation `Mikolov:etal:2011' on page 2 undefined on inp
ut line 7.


Package natbib Warning: Citation `Sutskever:etal:2011' on page 2 undefined on i
nput line 8.


Package natbib Warning: Citation `DBLP:journals/corr/Graves13' on page 2 undefi
ned on input line 8.


Package natbib Warning: Citation `Sutskever:etal:2011' on page 2 undefined on i
nput line 13.


Package natbib Warning: Citation `DBLP:journals/corr/Graves13' on page 2 undefi
ned on input line 13.


Underfull \hbox (badness 10000) in paragraph at lines 4--19
 []\T1/ptm/b/n/10.95 Character-based neu-ral lan-guage mod-els
 []


Underfull \hbox (badness 1436) in paragraph at lines 4--19
\T1/ptm/m/n/10.95 qual-i-ta-tive anal-y-ses show-ing that CNLMs are
 []


Underfull \hbox (badness 1688) in paragraph at lines 4--19
\T1/ptm/m/n/10.95 The lat-ter, who trained LSTM-based mod-els,
 []


Package natbib Warning: Citation `Bojanowski:etal:2016' on page 2 undefined on 
input line 26.


Package natbib Warning: Citation `Kim:etal:2016' on page 2 undefined on input l
ine 26.


Package natbib Warning: Citation `Gerz:etal:2018' on page 2 undefined on input 
line 26.


Package natbib Warning: Citation `Kann:etal:2016' on page 2 undefined on input 
line 31.


Underfull \hbox (badness 2582) in paragraph at lines 20--36
\T1/ptm/m/n/10.95 most re-cent work in the area, that has fo-
 []


Package natbib Warning: Citation `Li:etal:2016' on page 2 undefined on input li
ne 41.


Package natbib Warning: Citation `Linzen:etal:2016' on page 2 undefined on inpu
t line 41.


Package natbib Warning: Citation `Shi:etal:2016' on page 2 undefined on input l
ine 41.


Package natbib Warning: Citation `Adi:etal:2017' on page 2 undefined on input l
ine 41.


Package natbib Warning: Citation `Belinkov:etal:2017' on page 2 undefined on in
put line 41.


Package natbib Warning: Citation `Kadar:etal:2017' on page 2 undefined on input
 line 41.


Package natbib Warning: Citation `DBLP:journals/corr/LiMJ16a' on page 2 undefin
ed on input line 41.


Package natbib Warning: Citation `DBLP:conf/ijcai/HupkesZ18' on page 2 undefine
d on input line 41.


Package natbib Warning: Citation `Conneau:etal:2018' on page 2 undefined on inp
ut line 41.


Package natbib Warning: Citation `Elman:1990' on page 2 undefined on input line
 44.


Package natbib Warning: Citation `Sennrich:2017' on page 2 undefined on input l
ine 46.


Package natbib Warning: Citation `DBLP:journals/corr/RadfordJS17' on page 2 und
efined on input line 53.


Package natbib Warning: Citation `Godin:etal:2018' on page 2 undefined on input
 line 55.


Package natbib Warning: Citation `Alishahi:etal:2017' on page 2 undefined on in
put line 59.


Package natbib Warning: Citation `Kementchedjhieva:Lopez:2018' on page 2 undefi
ned on input line 62.

[2]) (./setup.tex
LaTeX Font Info:    Try loading font information for T1+pcr on input line 6.
 (/usr/share/texlive/texmf-dist/tex/latex/psnfss/t1pcr.fd
File: t1pcr.fd 2001/06/04 font definitions for T1/pcr.
)
Underfull \hbox (badness 10000) in paragraph at lines 6--6
[][][][][]$\T1/pcr/m/n/9 https : / / github . com / attardi /
 []


Underfull \hbox (badness 10000) in paragraph at lines 15--15
[][][][][]$\T1/pcr/m/n/9 http : / / www . cis . uni-[]muenchen . de /
 []


Underfull \hbox (badness 1147) in paragraph at lines 29--29
\T1/ptm/m/n/9 En. 3/200/1024, Ge. 2/100/1024, It. 2/200/1024; RNN:
 []


Underfull \hbox (badness 2478) in paragraph at lines 29--29
\T1/ptm/m/n/9 En. 2/200/2048, Ge. 2/50/2048, It. same; WordNLM;
 []


LaTeX Warning: Reference `tab:lm-results' on page 3 undefined on input line 32.



Package natbib Warning: Citation `merity2018analysis' on page 3 undefined on in
put line 38.


Package natbib Warning: Citation `cotterell2018all' on page 3 undefined on inpu
t line 40.


Package natbib Warning: Citation `DBLP:journals/corr/Graves13' on page 3 undefi
ned on input line 42.


Package natbib Warning: Citation `Gulordava:etal:2018' on page 3 undefined on i
nput line 49.

LaTeX Font Info:    External font `cmex10' loaded for size
(Font)              <7> on input line 63.

Underfull \hbox (badness 2698) in paragraph at lines 72--72
\T1/ptm/m/n/10 CNLMs, we re-port bits-per-character (BPC). For
 []

) (./experiments.tex (./phonology.tex

LaTeX Warning: Reference `fig:char-clustering' on page 3 undefined on input lin
e 12.


Underfull \hbox (badness 1205) in paragraph at lines 4--24
\T1/ptm/m/n/10.95 dis-cov-er-ing dis-tri-bu-tional gen-er-al-iza-tions about
 []

[3]
<figures/char-emb-clustering-output_output-phonetic-wiki-german-nospaces-bptt-9
10515909.pdf, id=48, 301.52649pt x 111.12048pt>
File: figures/char-emb-clustering-output_output-phonetic-wiki-german-nospaces-b
ptt-910515909.pdf Graphic file (type pdf)
<use figures/char-emb-clustering-output_output-phonetic-wiki-german-nospaces-bp
tt-910515909.pdf>
Package pdftex.def Info: figures/char-emb-clustering-output_output-phonetic-wik
i-german-nospaces-bptt-910515909.pdf  used on input line 41.
(pdftex.def)             Requested size: 227.62204pt x 83.88611pt.

Overfull \hbox (8.53592pt too wide) in paragraph at lines 41--44
[][] 
 []


LaTeX Warning: Reference `tab:phonotactics-results' on page 4 undefined on inpu
t line 77.


Overfull \hbox (7.77791pt too wide) in paragraph at lines 97--97
[]|\T1/ptm/m/it/10 LSTM| 
 []


Overfull \hbox (2.97798pt too wide) in paragraph at lines 97--97
[]|\T1/ptm/m/it/10 RNN| 
 []


Overfull \hbox (4.10959pt too wide) in paragraph at lines 98--98
[]|\T1/ptm/m/n/10 bu| 
 []


Overfull \hbox (2.08943pt too wide) in paragraph at lines 98--98
[]|\T1/ptm/m/n/10 bt| 
 []

LaTeX Font Info:    Font shape `T1/ptm/bx/n' in size <10> not available
(Font)              Font shape `T1/ptm/b/n' tried instead on input line 98.

Overfull \hbox (4.10959pt too wide) in paragraph at lines 98--98
[]|\T1/ptm/m/n/10 bu| 
 []


Overfull \hbox (4.30954pt too wide) in paragraph at lines 98--98
[]|\T1/ptm/m/n/10 bd| 
 []


Overfull \hbox (4.30954pt too wide) in paragraph at lines 99--99
[]|\T1/ptm/m/n/10 do| 
 []


Overfull \hbox (4.30954pt too wide) in paragraph at lines 99--99
[]|\T1/ptm/m/n/10 dd| 
 []


Overfull \hbox (4.30954pt too wide) in paragraph at lines 99--99
[]|\T1/ptm/m/n/10 du| 
 []


Overfull \hbox (2.08943pt too wide) in paragraph at lines 99--99
[]|\T1/ptm/m/n/10 dt| 
 []


Overfull \hbox (2.6395pt too wide) in paragraph at lines 100--100
[]|\T1/ptm/m/n/10 fu| 
 []


Overfull \hbox (2.6395pt too wide) in paragraph at lines 100--100
[]|\T1/ptm/m/n/10 fu| 
 []


Overfull \hbox (4.30954pt too wide) in paragraph at lines 101--101
[]|\T1/ptm/m/n/10 po| 
 []


Overfull \hbox (2.08943pt too wide) in paragraph at lines 101--101
[]|\T1/ptm/m/n/10 pt| 
 []


Overfull \hbox (4.30954pt too wide) in paragraph at lines 101--101
[]|\T1/ptm/m/n/10 pu| 
 []


Overfull \hbox (2.08943pt too wide) in paragraph at lines 101--101
[]|\T1/ptm/m/n/10 pt| 
 []


Overfull \hbox (2.08943pt too wide) in paragraph at lines 102--102
[]|\T1/ptm/m/n/10 tu| 
 []


Overfull \hbox (2.08943pt too wide) in paragraph at lines 102--102
[]|\T1/ptm/m/n/10 tu| 
 []


Overfull \hbox (2.08943pt too wide) in paragraph at lines 102--102
[]|\T1/ptm/m/n/10 td| 
 []


Overfull \hbox (3.74948pt too wide) in paragraph at lines 103--103
[]|\T1/ptm/m/n/10 zu| 
 []


Overfull \hbox (1.52937pt too wide) in paragraph at lines 103--103
[]|\T1/ptm/m/n/10 zt| 
 []


Overfull \hbox (4.30954pt too wide) in paragraph at lines 103--103
[]|\T1/ptm/m/n/10 vu| 
 []


Overfull \hbox (4.30954pt too wide) in paragraph at lines 103--103
[]|\T1/ptm/m/n/10 vd| 
 []


Overfull \hbox (2.08943pt too wide) in paragraph at lines 104--104
[]|\T1/ptm/m/n/10 bl| 
 []


Overfull \hbox (4.30954pt too wide) in paragraph at lines 104--104
[]|\T1/ptm/m/n/10 bd| 
 []


Overfull \hbox (3.74948pt too wide) in paragraph at lines 104--104
[]|\T1/ptm/m/n/10 zu| 
 []


Overfull \hbox (1.52937pt too wide) in paragraph at lines 104--104
[]|\T1/ptm/m/n/10 zt| 
 []


Overfull \hbox (2.6395pt too wide) in paragraph at lines 105--105
[]|\T1/ptm/m/n/10 fd| 
 []


Overfull \hbox (2.6395pt too wide) in paragraph at lines 105--105
[]|\T1/ptm/m/n/10 br| 
 []


Overfull \hbox (2.08943pt too wide) in paragraph at lines 105--105
[]|\T1/ptm/m/n/10 bt| 
 []


Overfull \hbox (0.96945pt too wide) in paragraph at lines 106--106
[]|\T1/ptm/m/n/10 fr| 
 []


Overfull \hbox (2.6395pt too wide) in paragraph at lines 106--106
[]|\T1/ptm/m/n/10 fn| 
 []


Overfull \hbox (2.6395pt too wide) in paragraph at lines 106--106
[]|\T1/ptm/m/n/10 dr| 
 []


Overfull \hbox (2.08943pt too wide) in paragraph at lines 106--106
[]|\T1/ptm/m/n/10 dt| 
 []


Overfull \hbox (2.08943pt too wide) in paragraph at lines 107--107
[]|\T1/ptm/m/n/10 kl| 
 []


Overfull \hbox (2.08943pt too wide) in paragraph at lines 107--107
[]|\T1/ptm/m/n/10 kt| 
 []


Overfull \hbox (0.96945pt too wide) in paragraph at lines 107--107
[]|\T1/ptm/m/n/10 fr| 
 []


Overfull \hbox (2.08943pt too wide) in paragraph at lines 108--108
[]|\T1/ptm/m/n/10 pl| 
 []


Overfull \hbox (2.08943pt too wide) in paragraph at lines 108--108
[]|\T1/ptm/m/n/10 pt| 
 []


Overfull \hbox (2.6395pt too wide) in paragraph at lines 108--108
[]|\T1/ptm/m/n/10 pr| 
 []


Overfull \hbox (2.08943pt too wide) in paragraph at lines 108--108
[]|\T1/ptm/m/n/10 pt| 
 []

) (./segmentation.tex

Package natbib Warning: Citation `harris-distributional-1954' on page 4 undefin
ed on input line 8.


Package natbib Warning: Citation `saffran-word-1996' on page 4 undefined on inp
ut line 8.


Package natbib Warning: Citation `cohen-algorithm-2001' on page 4 undefined on 
input line 10.


Package natbib Warning: Citation `feng-accessor-2004' on page 4 undefined on in
put line 10.


Package natbib Warning: Citation `sun-chinese-1998' on page 4 undefined on inpu
t line 11.


Package natbib Warning: Citation `saffran-word-1996' on page 4 undefined on inp
ut line 50.


Package natbib Warning: Citation `feng-accessor-2004' on page 4 undefined on in
put line 50.

[4 <./figures/char-emb-clustering-output_output-phonetic-wiki-german-nospaces-b
ptt-910515909.pdf>]

LaTeX Warning: Reference `tab:segmentation-results' on page 5 undefined on inpu
t line 99.


Package natbib Warning: Citation `goldwater-bayesian-2009' on page 5 undefined 
on input line 112.


Package natbib Warning: Citation `brent-efficient-1999' on page 5 undefined on 
input line 127.


LaTeX Warning: Reference `tab:segmentation-results-brent' on page 5 undefined o
n input line 134.


Underfull \hbox (badness 6252) in paragraph at lines 124--139
[]\T1/ptm/m/n/10.95 Running Bayesian meth-ods on Wikipedia
 []


Underfull \hbox (badness 1137) in paragraph at lines 124--139
\T1/ptm/m/n/10.95 model on word seg-men-ta-tion. The Bayesian
 []


Package natbib Warning: Citation `goldwater-bayesian-2009' on page 5 undefined 
on input line 181.


Package natbib Warning: Citation `goldwater-bayesian-2009' on page 5 undefined 
on input line 181.


Package natbib Warning: Citation `petrov2007improved' on page 5 undefined on in
put line 243.


LaTeX Warning: Reference `fig:syntax-depth' on page 5 undefined on input line 2
47.


Underfull \hbox (badness 1286) in paragraph at lines 241--255
[]\T1/ptm/m/n/10.95 Interestingly, the CNLM-generated cues we
 []

<figures/segmentation-profile-pmis-german-all-heights-ci.pdf, id=97, 396.21901p
t x 301.81143pt>
File: figures/segmentation-profile-pmis-german-all-heights-ci.pdf Graphic file 
(type pdf)
<use figures/segmentation-profile-pmis-german-all-heights-ci.pdf>
Package pdftex.def Info: figures/segmentation-profile-pmis-german-all-heights-c
i.pdf  used on input line 258.
(pdftex.def)             Requested size: 182.09485pt x 138.71059pt.
) (./morphology.tex [5]

LaTeX Warning: Reference `tab:pos-results' on page 6 undefined on input line 32
.


Package natbib Warning: Citation `de2006generating' on page 6 undefined on inpu
t line 78.


Package natbib Warning: Citation `mcdonald2013universal' on page 6 undefined on
 input line 78.


LaTeX Warning: Reference `tab:number-results' on page 6 undefined on input line
 100.


Package natbib Warning: Citation `Mikolov:etal:2013a' on page 6 undefined on in
put line 173.

) [6 <./figures/segmentation-profile-pmis-german-all-heights-ci.pdf>]
(./syntax.tex (./german-syntax.tex

LaTeX Warning: Reference `fig:german-syntax' on page 7 undefined on input line 
41.


Underfull \hbox (badness 3240) in paragraph at lines 41--60
[]\T1/ptm/m/n/10.95 Results are pre-sented in Fig-ure [] (left).
 []

<figures/german-gender-total.pdf, id=132, 415.36868pt x 311.53526pt>
File: figures/german-gender-total.pdf Graphic file (type pdf)
<use figures/german-gender-total.pdf>
Package pdftex.def Info: figures/german-gender-total.pdf  used on input line 69
.
(pdftex.def)             Requested size: 127.46777pt x 95.60043pt.
<figures/german-case-total.pdf, id=133, 415.36868pt x 311.53526pt>
File: figures/german-case-total.pdf Graphic file (type pdf)
<use figures/german-case-total.pdf>
Package pdftex.def Info: figures/german-case-total.pdf  used on input line 71.
(pdftex.def)             Requested size: 127.46777pt x 95.60043pt.
<figures/german-prep-with-control.pdf, id=134, 415.36868pt x 315.6522pt>
File: figures/german-prep-with-control.pdf Graphic file (type pdf)
<use figures/german-prep-with-control.pdf>
Package pdftex.def Info: figures/german-prep-with-control.pdf  used on input li
ne 73.
(pdftex.def)             Requested size: 127.46777pt x 96.86378pt.
<figures/german-legend.pdf, id=135, 1302.2339pt x 85.43794pt>
File: figures/german-legend.pdf Graphic file (type pdf)
<use figures/german-legend.pdf>
Package pdftex.def Info: figures/german-legend.pdf  used on input line 75.
(pdftex.def)             Requested size: 227.62204pt x 14.93361pt.
[7]

LaTeX Warning: Reference `fig:german-syntax' on page 8 undefined on input line 
129.


Underfull \hbox (badness 1331) in paragraph at lines 129--136
[]\T1/ptm/m/n/10.95 Results are in Fig-ure [] (cen-ter). Again,
 []


Underfull \hbox (badness 1189) in paragraph at lines 129--136
\T1/ptm/m/n/10.95 WordNLM has the best per-for-mance, but the
 []


Underfull \hbox (badness 6741) in paragraph at lines 152--168
 []\T1/ptm/b/n/10.95 Case sub-cat-e-go-riza-tion \T1/ptm/m/n/10.95 Ger-man verb
s and
 []


Underfull \vbox (badness 10000) has occurred while \output is active []



LaTeX Warning: Reference `fig:german-syntax' on page 8 undefined on input line 
200.

) (./italian-syntax.tex [8 <./figures/german-gender-total.pdf> <./figures/germa
n-case-total.pdf

pdfTeX warning: pdflatex (file ./figures/german-case-total.pdf): PDF inclusion:
 multiple pdfs with page group included in a single page
> <./figures/german-prep-with-control.pdf

pdfTeX warning: pdflatex (file ./figures/german-prep-with-control.pdf): PDF inc
lusion: multiple pdfs with page group included in a single page
> <./figures/german-legend.pdf

pdfTeX warning: pdflatex (file ./figures/german-legend.pdf): PDF inclusion: mul
tiple pdfs with page group included in a single page
>]
Underfull \hbox (badness 5077) in paragraph at lines 16--22
 []\T1/ptm/b/n/10.95 Article-noun gen-der agree-ment \T1/ptm/m/n/10.95 Sim-i-la
r to
 []


LaTeX Warning: Reference `tab:ital-agr-results' on page 9 undefined on input li
ne 54.


Underfull \hbox (badness 1655) in paragraph at lines 53--57
[]\T1/ptm/m/n/10.95 Results are shown in the first line of Ta-
 []


LaTeX Warning: Reference `tab:ital-agr-results' on page 9 undefined on input li
ne 81.


LaTeX Warning: Reference `tab:ital-agr-results' on page 9 undefined on input li
ne 159.

)) (./semantics.tex

Package natbib Warning: Citation `Zweig:Burges:2011' on page 9 undefined on inp
ut line 8.


LaTeX Warning: Reference `tab:msr-completion-results' on page 9 undefined on in
put line 29.

[9]
LaTeX Font Info:    Font shape `T1/ptm/bx/n' in size <9> not available
(Font)              Font shape `T1/ptm/b/n' tried instead on input line 110.


Package natbib Warning: Citation `woods2016exploiting' on page 10 undefined on 
input line 110.


Package natbib Warning: Citation `melamud2016context2vec' on page 10 undefined 
on input line 111.


Package natbib Warning: Citation `Mikolov:2012' on page 10 undefined on input l
ine 115.


Package natbib Warning: Citation `zweig2012computational' on page 10 undefined 
on input line 115.


Package natbib Warning: Citation `zhang2016top' on page 10 undefined on input l
ine 115.


Package natbib Warning: Citation `DBLP:journals/corr/abs-1301-3781' on page 10 
undefined on input line 115.


Package natbib Warning: Citation `woods2016exploiting' on page 10 undefined on 
input line 115.


Package natbib Warning: Citation `melamud2016context2vec' on page 10 undefined 
on input line 115.


Package natbib Warning: Citation `Mikolov:2012' on page 10 undefined on input l
ine 115.


Package natbib Warning: Citation `zweig2012computational' on page 10 undefined 
on input line 115.


Package natbib Warning: Citation `zhang2016top' on page 10 undefined on input l
ine 115.


Package natbib Warning: Citation `DBLP:journals/corr/abs-1301-3781' on page 10 
undefined on input line 115.


Package natbib Warning: Citation `woods2016exploiting' on page 10 undefined on 
input line 115.


Package natbib Warning: Citation `melamud2016context2vec' on page 10 undefined 
on input line 115.

)) (./discussion.tex

Package natbib Warning: Citation `Gulordava:etal:2018' on page 10 undefined on 
input line 24.


Package natbib Warning: Citation `Sag:etal:2003' on page 10 undefined on input 
line 35.


Package natbib Warning: Citation `Goldberg:2005' on page 10 undefined on input 
line 35.


Package natbib Warning: Citation `Radford:2006' on page 10 undefined on input l
ine 35.


Package natbib Warning: Citation `Bresnan:etal:2016' on page 10 undefined on in
put line 35.


Package natbib Warning: Citation `Jezek:2016' on page 10 undefined on input lin
e 35.

)
No file char-rnn-knowledge-main1.bbl.

Package natbib Warning: There were undefined citations.

Package atveryend Info: Empty hook `BeforeClearDocument' on input line 137.
[10]
Package atveryend Info: Empty hook `AfterLastShipout' on input line 137.
 (./char-rnn-knowledge-main1.aux)
Package atveryend Info: Executing hook `AtVeryEndDocument' on input line 137.
Package atveryend Info: Executing hook `AtEndAfterFileList' on input line 137.


Package rerunfilecheck Warning: File `char-rnn-knowledge-main1.out' has changed
.
(rerunfilecheck)                Rerun to get outlines right
(rerunfilecheck)                or use package `bookmark'.

Package rerunfilecheck Info: Checksums for `char-rnn-knowledge-main1.out':
(rerunfilecheck)             Before: <no file>
(rerunfilecheck)             After:  D41D8CD98F00B204E9800998ECF8427E;0.

LaTeX Warning: There were undefined references.


LaTeX Warning: Label(s) may have changed. Rerun to get cross-references right.

Package atveryend Info: Empty hook `AtVeryVeryEnd' on input line 137.
 ) 
Here is how much of TeX's memory you used:
 7633 strings out of 492982
 109487 string characters out of 6134895
 216371 words of memory out of 5000000
 10984 multiletter control sequences out of 15000+600000
 54315 words of font info for 72 fonts, out of 8000000 for 9000
 1141 hyphenation exceptions out of 8191
 35i,12n,37p,1021b,334s stack positions out of 5000i,500n,10000p,200000b,80000s
{/usr/share/texlive/texmf-dist/fonts/enc/dvips/base/8r.enc}</usr/share/texliv
e/texmf-dist/fonts/type1/public/amsfonts/cm/cmmi10.pfb></usr/share/texlive/texm
f-dist/fonts/type1/public/amsfonts/cm/cmr10.pfb></usr/share/texlive/texmf-dist/
fonts/type1/public/amsfonts/cm/cmsy10.pfb></usr/share/texlive/texmf-dist/fonts/
type1/public/amsfonts/cm/cmsy9.pfb></usr/share/texlive/texmf-dist/fonts/type1/u
rw/courier/ucrr8a.pfb></usr/share/texlive/texmf-dist/fonts/type1/urw/helvetic/u
hvb8a.pfb></usr/share/texlive/texmf-dist/fonts/type1/urw/times/utmb8a.pfb></usr
/share/texlive/texmf-dist/fonts/type1/urw/times/utmbi8a.pfb></usr/share/texlive
/texmf-dist/fonts/type1/urw/times/utmr8a.pfb></usr/share/texlive/texmf-dist/fon
ts/type1/urw/times/utmri8a.pfb>
Output written on char-rnn-knowledge-main1.pdf (10 pages, 191532 bytes).
PDF statistics:
 297 PDF objects out of 1000 (max. 8388607)
 183 compressed objects within 2 object streams
 67 named destinations out of 1000 (max. 500000)
 31 words of extra memory for PDF output out of 10000 (max. 10000000)

